1674007468533	geckodriver	INFO	Listening on 127.0.0.1:52583
1674007469038	mozrunner::runner	INFO	Running command: "/usr/bin/firefox" "--marionette" "--headless" "--window-size=1920,1080" "--remote-debugging-port" "56507" "--remote-allow-hosts" "localhost" "-no-remote" "-profile" "/tmp/rust_mozprofileLYQOFW"
*** You are running in headless mode.
[GFX1-]: glxtest: VA-API test failed: failed to initialise VAAPI connection.
1674007469596	Marionette	INFO	Marionette enabled
1674007469602	Marionette	INFO	Listening on port 38469
Read port: 38469
WebDriver BiDi listening on ws://127.0.0.1:56507
1674007469746	RemoteAgent	WARN	TLS certificate errors will be ignored for this session
[GFX1-]: RenderCompositorSWGL failed mapping default framebuffer, no dt
console.warn: SearchSettings: "get: No settings file exists, new profile?" (new NotFoundError("Could not open the file at /tmp/rust_mozprofileLYQOFW/search.json.mozlz4", (void 0)))
DevTools listening on ws://127.0.0.1:56507/devtools/browser/b166d0c6-9ab5-42d5-a3b1-78196e9f7f81
1674007980425	geckodriver	INFO	Listening on 127.0.0.1:38467
1674007980430	mozrunner::runner	INFO	Running command: "/usr/bin/firefox" "--marionette" "--headless" "--window-size=1920,1080" "--remote-debugging-port" "60545" "--remote-allow-hosts" "localhost" "-no-remote" "-profile" "/tmp/rust_mozprofileGDKjBj"
*** You are running in headless mode.
[GFX1-]: glxtest: VA-API test failed: failed to initialise VAAPI connection.
1674007980678	Marionette	INFO	Marionette enabled
1674007980681	Marionette	INFO	Listening on port 43675
WebDriver BiDi listening on ws://127.0.0.1:60545
Read port: 43675
1674007980880	RemoteAgent	WARN	TLS certificate errors will be ignored for this session
[GFX1-]: RenderCompositorSWGL failed mapping default framebuffer, no dt
console.warn: SearchSettings: "get: No settings file exists, new profile?" (new NotFoundError("Could not open the file at /tmp/rust_mozprofileGDKjBj/search.json.mozlz4", (void 0)))
DevTools listening on ws://127.0.0.1:60545/devtools/browser/04903fed-0b06-4fa4-a30e-11bf672df4fa
Exiting due to channel error.
Exiting due to channel error.
Exiting due to channel error.
1674008028536	geckodriver	INFO	Listening on 127.0.0.1:54577
1674008028544	mozrunner::runner	INFO	Running command: "/usr/bin/firefox" "--marionette" "--headless" "--window-size=1920,1080" "--remote-debugging-port" "44871" "--remote-allow-hosts" "localhost" "-no-remote" "-profile" "/tmp/rust_mozprofile2laCGo"
*** You are running in headless mode.
[GFX1-]: glxtest: VA-API test failed: failed to initialise VAAPI connection.
1674008028788	Marionette	INFO	Marionette enabled
1674008028791	Marionette	INFO	Listening on port 38331
WebDriver BiDi listening on ws://127.0.0.1:44871
Read port: 38331
1674008028992	RemoteAgent	WARN	TLS certificate errors will be ignored for this session
[GFX1-]: RenderCompositorSWGL failed mapping default framebuffer, no dt
console.warn: SearchSettings: "get: No settings file exists, new profile?" (new NotFoundError("Could not open the file at /tmp/rust_mozprofile2laCGo/search.json.mozlz4", (void 0)))
DevTools listening on ws://127.0.0.1:44871/devtools/browser/d043a13c-8548-4553-93eb-fca47c0f1482
1674008821891	geckodriver	INFO	Listening on 127.0.0.1:48131
1674008821896	mozrunner::runner	INFO	Running command: "/usr/bin/firefox" "--marionette" "--headless" "--window-size=1920,1080" "--remote-debugging-port" "51349" "--remote-allow-hosts" "localhost" "-no-remote" "-profile" "/tmp/rust_mozprofiles6u074"
*** You are running in headless mode.
[GFX1-]: glxtest: VA-API test failed: failed to initialise VAAPI connection.
1674008822144	Marionette	INFO	Marionette enabled
1674008822147	Marionette	INFO	Listening on port 41805
WebDriver BiDi listening on ws://127.0.0.1:51349
Read port: 41805
1674008822336	RemoteAgent	WARN	TLS certificate errors will be ignored for this session
[GFX1-]: RenderCompositorSWGL failed mapping default framebuffer, no dt
console.warn: SearchSettings: "get: No settings file exists, new profile?" (new NotFoundError("Could not open the file at /tmp/rust_mozprofiles6u074/search.json.mozlz4", (void 0)))
DevTools listening on ws://127.0.0.1:51349/devtools/browser/65957947-98d1-4433-a558-2839bbb9ac73
JavaScript error: , line 0: uncaught exception: undefined
JavaScript error: , line 0: TypeError: NetworkError when attempting to fetch resource.
JavaScript error: , line 0: TypeError: NetworkError when attempting to fetch resource.
JavaScript error: , line 0: uncaught exception: Object
JavaScript error: , line 0: TypeError: NetworkError when attempting to fetch resource.
JavaScript error: , line 0: uncaught exception: undefined
JavaScript error: , line 0: TypeError: NetworkError when attempting to fetch resource.
JavaScript error: , line 0: uncaught exception: undefined
JavaScript error: , line 0: uncaught exception: undefined
JavaScript error: , line 0: TypeError: NetworkError when attempting to fetch resource.
JavaScript error: https://cdn.jsdelivr.net/npm/mathjax@2.7.5/MathJax.js?config=TeX-AMS-MML_HTMLorMML.js, line 19: InternalError: too much recursion
JavaScript error: , line 0: TypeError: NetworkError when attempting to fetch resource.
JavaScript warning: https://pagead2.googlesyndication.com/bg/OU_aD-3-G2pcaJqwlUagl315JVS_daCE4k47Wxj7Xso.js line 2 > eval line 5796 > eval line 1 > eval line 1 > eval, line 1: WEBGL_debug_renderer_info is deprecated in Firefox and will be removed. Please use RENDERER.
JavaScript error: , line 0: uncaught exception: undefined
JavaScript warning: https://pagead2.googlesyndication.com/bg/OU_aD-3-G2pcaJqwlUagl315JVS_daCE4k47Wxj7Xso.js line 2 > eval line 5605 > eval line 1 > eval line 1 > eval, line 1: WEBGL_debug_renderer_info is deprecated in Firefox and will be removed. Please use RENDERER.
JavaScript error: , line 0: TypeError: NetworkError when attempting to fetch resource.
JavaScript warning: https://pagead2.googlesyndication.com/bg/OU_aD-3-G2pcaJqwlUagl315JVS_daCE4k47Wxj7Xso.js line 2 > eval line 2063 > eval line 1 > eval line 1 > eval, line 1: WEBGL_debug_renderer_info is deprecated in Firefox and will be removed. Please use RENDERER.
JavaScript warning: https://pagead2.googlesyndication.com/bg/OU_aD-3-G2pcaJqwlUagl315JVS_daCE4k47Wxj7Xso.js line 2 > eval line 5220 > eval line 1 > eval line 1 > eval, line 1: WEBGL_debug_renderer_info is deprecated in Firefox and will be removed. Please use RENDERER.
JavaScript error: , line 0: TypeError: NetworkError when attempting to fetch resource.
JavaScript warning: https://pagead2.googlesyndication.com/bg/OU_aD-3-G2pcaJqwlUagl315JVS_daCE4k47Wxj7Xso.js line 2 > eval line 2979 > eval line 1 > eval line 1 > eval, line 1: WEBGL_debug_renderer_info is deprecated in Firefox and will be removed. Please use RENDERER.
JavaScript error: , line 0: TypeError: NetworkError when attempting to fetch resource.
JavaScript warning: https://pagead2.googlesyndication.com/bg/OU_aD-3-G2pcaJqwlUagl315JVS_daCE4k47Wxj7Xso.js line 2 > eval line 6882 > eval line 1 > eval line 1 > eval, line 1: WEBGL_debug_renderer_info is deprecated in Firefox and will be removed. Please use RENDERER.
JavaScript error: , line 0: TypeError: NetworkError when attempting to fetch resource.
JavaScript error: , line 0: TypeError: NetworkError when attempting to fetch resource.
JavaScript error: , line 0: TypeError: NetworkError when attempting to fetch resource.
JavaScript warning: https://pagead2.googlesyndication.com/bg/OU_aD-3-G2pcaJqwlUagl315JVS_daCE4k47Wxj7Xso.js line 2 > eval line 836 > eval line 1 > eval line 1 > eval, line 1: WEBGL_debug_renderer_info is deprecated in Firefox and will be removed. Please use RENDERER.
JavaScript error: , line 0: TypeError: NetworkError when attempting to fetch resource.
JavaScript warning: https://pagead2.googlesyndication.com/bg/OU_aD-3-G2pcaJqwlUagl315JVS_daCE4k47Wxj7Xso.js line 2 > eval line 4212 > eval line 1 > eval line 1 > eval, line 1: WEBGL_debug_renderer_info is deprecated in Firefox and will be removed. Please use RENDERER.
JavaScript warning: https://pagead2.googlesyndication.com/bg/OU_aD-3-G2pcaJqwlUagl315JVS_daCE4k47Wxj7Xso.js line 2 > eval line 4570 > eval line 1 > eval line 1 > eval, line 1: WEBGL_debug_renderer_info is deprecated in Firefox and will be removed. Please use RENDERER.
JavaScript error: , line 0: TypeError: NetworkError when attempting to fetch resource.
JavaScript warning: https://pagead2.googlesyndication.com/bg/OU_aD-3-G2pcaJqwlUagl315JVS_daCE4k47Wxj7Xso.js line 2 > eval line 5898 > eval line 1 > eval line 1 > eval, line 1: WEBGL_debug_renderer_info is deprecated in Firefox and will be removed. Please use RENDERER.
JavaScript error: , line 0: TypeError: NetworkError when attempting to fetch resource.
JavaScript error: , line 0: TypeError: NetworkError when attempting to fetch resource.
JavaScript error: , line 0: TypeError: NetworkError when attempting to fetch resource.
JavaScript warning: https://pagead2.googlesyndication.com/bg/OU_aD-3-G2pcaJqwlUagl315JVS_daCE4k47Wxj7Xso.js line 2 > eval line 5371 > eval line 1 > eval line 1 > eval, line 1: WEBGL_debug_renderer_info is deprecated in Firefox and will be removed. Please use RENDERER.
JavaScript warning: https://pagead2.googlesyndication.com/bg/OU_aD-3-G2pcaJqwlUagl315JVS_daCE4k47Wxj7Xso.js line 2 > eval line 1170 > eval line 1 > eval line 1 > eval, line 1: WEBGL_debug_renderer_info is deprecated in Firefox and will be removed. Please use RENDERER.
JavaScript error: , line 0: TypeError: NetworkError when attempting to fetch resource.
JavaScript error: , line 0: TypeError: NetworkError when attempting to fetch resource.
JavaScript error: , line 0: TypeError: NetworkError when attempting to fetch resource.
JavaScript error: , line 0: uncaught exception: undefined
JavaScript error: , line 0: TypeError: NetworkError when attempting to fetch resource.
JavaScript error: , line 0: TypeError: NetworkError when attempting to fetch resource.
JavaScript warning: https://pagead2.googlesyndication.com/bg/OU_aD-3-G2pcaJqwlUagl315JVS_daCE4k47Wxj7Xso.js line 2 > eval line 2642 > eval line 1 > eval line 1 > eval, line 1: WEBGL_debug_renderer_info is deprecated in Firefox and will be removed. Please use RENDERER.
JavaScript error: , line 0: TypeError: NetworkError when attempting to fetch resource.
JavaScript warning: https://pagead2.googlesyndication.com/bg/OU_aD-3-G2pcaJqwlUagl315JVS_daCE4k47Wxj7Xso.js line 2 > eval line 6244 > eval line 1 > eval line 1 > eval, line 1: WEBGL_debug_renderer_info is deprecated in Firefox and will be removed. Please use RENDERER.
JavaScript warning: https://pagead2.googlesyndication.com/bg/OU_aD-3-G2pcaJqwlUagl315JVS_daCE4k47Wxj7Xso.js line 2 > eval line 7173 > eval line 1 > eval line 1 > eval, line 1: WEBGL_debug_renderer_info is deprecated in Firefox and will be removed. Please use RENDERER.
JavaScript error: , line 0: uncaught exception: undefined
JavaScript warning: https://pagead2.googlesyndication.com/bg/OU_aD-3-G2pcaJqwlUagl315JVS_daCE4k47Wxj7Xso.js line 2 > eval line 631 > eval line 1 > eval line 1 > eval, line 1: WEBGL_debug_renderer_info is deprecated in Firefox and will be removed. Please use RENDERER.
JavaScript warning: https://pagead2.googlesyndication.com/bg/OU_aD-3-G2pcaJqwlUagl315JVS_daCE4k47Wxj7Xso.js line 2 > eval line 6593 > eval line 1 > eval line 1 > eval, line 1: WEBGL_debug_renderer_info is deprecated in Firefox and will be removed. Please use RENDERER.
JavaScript error: , line 0: TypeError: NetworkError when attempting to fetch resource.
JavaScript error: , line 0: uncaught exception: undefined
JavaScript error: , line 0: TypeError: NetworkError when attempting to fetch resource.
JavaScript warning: https://pagead2.googlesyndication.com/bg/OU_aD-3-G2pcaJqwlUagl315JVS_daCE4k47Wxj7Xso.js line 2 > eval line 2844 > eval line 1 > eval line 1 > eval, line 1: WEBGL_debug_renderer_info is deprecated in Firefox and will be removed. Please use RENDERER.
JavaScript error: , line 0: uncaught exception: undefined
JavaScript warning: https://pagead2.googlesyndication.com/bg/OU_aD-3-G2pcaJqwlUagl315JVS_daCE4k47Wxj7Xso.js line 2 > eval line 1826 > eval line 1 > eval line 1 > eval, line 1: WEBGL_debug_renderer_info is deprecated in Firefox and will be removed. Please use RENDERER.
